  Error.cpp
d:\laboratory\kaa-2019\kaa-2019\error.cpp(39): fatal error C1010: непредвиденный конец файла во время поиска предкомпилированного заголовка. Возможно, вы забыли добавить директиву "#include "pch.h"" в источник.
  FST.cpp
d:\laboratory\kaa-2019\kaa-2019\fst.cpp(71): fatal error C1010: непредвиденный конец файла во время поиска предкомпилированного заголовка. Возможно, вы забыли добавить директиву "#include "pch.h"" в источник.
  Generation.cpp
d:\laboratory\kaa-2019\kaa-2019\generation.cpp(201): fatal error C1010: непредвиденный конец файла во время поиска предкомпилированного заголовка. Возможно, вы забыли добавить директиву "#include "pch.h"" в источник.
  GRB.cpp
d:\laboratory\kaa-2019\kaa-2019\grb.cpp(89): fatal error C1010: непредвиденный конец файла во время поиска предкомпилированного заголовка. Возможно, вы забыли добавить директиву "#include "pch.h"" в источник.
  ID.cpp
d:\laboratory\kaa-2019\kaa-2019\id.cpp(81): fatal error C1010: непредвиденный конец файла во время поиска предкомпилированного заголовка. Возможно, вы забыли добавить директиву "#include "pch.h"" в источник.
  In.cpp
d:\laboratory\kaa-2019\kaa-2019\in.cpp(45): fatal error C1010: непредвиденный конец файла во время поиска предкомпилированного заголовка. Возможно, вы забыли добавить директиву "#include "pch.h"" в источник.
  KAA-2019.cpp
d:\laboratory\kaa-2019\kaa-2019\kaa-2019.cpp(62): fatal error C1010: непредвиденный конец файла во время поиска предкомпилированного заголовка. Возможно, вы забыли добавить директиву "#include "pch.h"" в источник.
  LEX.cpp
d:\laboratory\kaa-2019\kaa-2019\lex.cpp(95): fatal error C1010: непредвиденный конец файла во время поиска предкомпилированного заголовка. Возможно, вы забыли добавить директиву "#include "pch.h"" в источник.
  LexicalAnalizator.cpp
d:\laboratory\kaa-2019\kaa-2019\lexicalanalizator.cpp(504): fatal error C1010: непредвиденный конец файла во время поиска предкомпилированного заголовка. Возможно, вы забыли добавить директиву "#include "pch.h"" в источник.
  Log.cpp
d:\laboratory\kaa-2019\kaa-2019\log.cpp(56): fatal error C1010: непредвиденный конец файла во время поиска предкомпилированного заголовка. Возможно, вы забыли добавить директиву "#include "pch.h"" в источник.
  MFST.cpp
d:\laboratory\kaa-2019\kaa-2019\mfst.cpp(269): fatal error C1010: непредвиденный конец файла во время поиска предкомпилированного заголовка. Возможно, вы забыли добавить директиву "#include "pch.h"" в источник.
  Parametr.cpp
d:\laboratory\kaa-2019\kaa-2019\parametr.cpp(47): fatal error C1010: непредвиденный конец файла во время поиска предкомпилированного заголовка. Возможно, вы забыли добавить директиву "#include "pch.h"" в источник.
  Polish.cpp
d:\laboratory\kaa-2019\kaa-2019\polish.cpp(115): fatal error C1010: непредвиденный конец файла во время поиска предкомпилированного заголовка. Возможно, вы забыли добавить директиву "#include "pch.h"" в источник.
  Semantic.cpp
d:\laboratory\kaa-2019\kaa-2019\semantic.cpp(659): fatal error C1010: непредвиденный конец файла во время поиска предкомпилированного заголовка. Возможно, вы забыли добавить директиву "#include "pch.h"" в источник.
